[0.000][INFO]:      ChromeDriver 23.0.1240.0 /usr/local/bin/chromedriver
[0.253][FINE]:      Initializing session with capabilities {
   "browserName": "chrome",
   "chrome.detach": true,
   "chromeOptions": {
      "detach": true
   },
   "cssSelectorsEnabled": true,
   "javascriptEnabled": true,
   "nativeEvents": false,
   "platform": "ANY",
   "rotatable": false,
   "takesScreenshot": false,
   "version": ""
}

[0.255][INFO]:      Using named testing interface
[1.095][INFO]:      Connected to Chrome successfully. Version: 24.0.1312.57
[1.124][FINE]:      Command received (/session/6be070f450b5b0cd1c8f170a00fcce11)
[1.124][FINE]:      Command finished (/session/6be070f450b5b0cd1c8f170a00fcce11) with response {
   "sessionId": "6be070f450b5b0cd1c8f170a00fcce11",
   "status": 0,
   "value": {
      "acceptSslCerts": false,
      "applicationCacheEnabled": false,
      "browserConnectionEnabled": false,
      "browserName": "chrome",
      "chrome.chromedriverVersion": "23.0.1240.0",
      "chrome.nativeEvents": false,
      "cssSelectorsEnabled": true,
      "databaseEnabled": false,
      "handlesAlerts": true,
      "javascriptEnabled": true,
      "locationContextEnabled": false,
      "nativeEvents": true,
      "platform": "mac",
      "rotatable": false,
      "takesScreenshot": true,
      "version": "24.0.1312.57",
      "webStorageEnabled": true
   }
}

[1.127][FINE]:      Command received (/session/6be070f450b5b0cd1c8f170a00fcce11/url) with params {
   "url": "http://127.0.0.1:50155/"
}

[1.127][FINER]:     Waiting for all views to stop loading...
[1.127][FINER]:     Done waiting for all views to stop loading
[1.659][FINER]:     Waiting for all views to stop loading...
[1.660][FINER]:     Done waiting for all views to stop loading
[1.660][FINE]:      Command finished (/session/6be070f450b5b0cd1c8f170a00fcce11/url) with response {
   "sessionId": "6be070f450b5b0cd1c8f170a00fcce11",
   "status": 0,
   "value": {

   }
}

[1.760][FINE]:      Command received (/session/6be070f450b5b0cd1c8f170a00fcce11/elements) with params {
   "using": "xpath",
   "value": ".//*[self::input | self::textarea][not(./@type = 'submit' or ./@type = 'image' or ./@type = 'radi..."
}

[1.760][FINER]:     Waiting for all views to stop loading...
[1.761][FINER]:     Done waiting for all views to stop loading
[1.780][FINER]:     Waiting for all views to stop loading...
[1.780][FINER]:     Done waiting for all views to stop loading
[1.780][FINE]:      Command finished (/session/6be070f450b5b0cd1c8f170a00fcce11/elements) with response {
   "sessionId": "6be070f450b5b0cd1c8f170a00fcce11",
   "status": 0,
   "value": [ {
      "ELEMENT": ":wdc:1360885204960"
   } ]
}

[1.793][FINE]:      Command received (/session/6be070f450b5b0cd1c8f170a00fcce11/element/:wdc:1360885204960/name)
[1.793][FINER]:     Waiting for all views to stop loading...
[1.794][FINER]:     Done waiting for all views to stop loading
[1.800][FINER]:     Waiting for all views to stop loading...
[1.800][FINER]:     Done waiting for all views to stop loading
[1.800][FINE]:      Command finished (/session/6be070f450b5b0cd1c8f170a00fcce11/element/:wdc:1360885204960/name) with response {
   "sessionId": "6be070f450b5b0cd1c8f170a00fcce11",
   "status": 0,
   "value": "input"
}

[1.801][FINE]:      Command received (/session/6be070f450b5b0cd1c8f170a00fcce11/element/:wdc:1360885204960/attribute/type)
[1.801][FINER]:     Waiting for all views to stop loading...
[1.802][FINER]:     Done waiting for all views to stop loading
[1.828][FINER]:     Waiting for all views to stop loading...
[1.828][FINER]:     Done waiting for all views to stop loading
[1.828][FINE]:      Command finished (/session/6be070f450b5b0cd1c8f170a00fcce11/element/:wdc:1360885204960/attribute/type) with response {
   "sessionId": "6be070f450b5b0cd1c8f170a00fcce11",
   "status": 0,
   "value": "text"
}

[1.830][FINE]:      Command received (/session/6be070f450b5b0cd1c8f170a00fcce11/execute) with params {
   "args": [ {
      "ELEMENT": ":wdc:1360885204960"
   } ],
   "script": "arguments[0].value = ''"
}

[1.830][FINER]:     Waiting for all views to stop loading...
[1.831][FINER]:     Done waiting for all views to stop loading
[1.835][FINER]:     Waiting for all views to stop loading...
[1.836][FINER]:     Done waiting for all views to stop loading
[1.836][FINE]:      Command finished (/session/6be070f450b5b0cd1c8f170a00fcce11/execute) with response {
   "sessionId": "6be070f450b5b0cd1c8f170a00fcce11",
   "status": 0,
   "value": null
}

[1.837][FINE]:      Command received (/session/6be070f450b5b0cd1c8f170a00fcce11/element/:wdc:1360885204960/value) with params {
   "value": [ "V + V" ]
}

[1.837][FINER]:     Waiting for all views to stop loading...
[1.838][FINER]:     Done waiting for all views to stop loading
[2.200][FINER]:     Waiting for all views to stop loading...
[2.200][FINER]:     Done waiting for all views to stop loading
[2.200][FINE]:      Command finished (/session/6be070f450b5b0cd1c8f170a00fcce11/element/:wdc:1360885204960/value) with response {
   "sessionId": "6be070f450b5b0cd1c8f170a00fcce11",
   "status": 0,
   "value": {

   }
}

[2.202][FINE]:      Command received (/session/6be070f450b5b0cd1c8f170a00fcce11/elements) with params {
   "using": "xpath",
   "value": ".//*[@id = 'solve-button']"
}

[2.202][FINER]:     Waiting for all views to stop loading...
[2.202][FINER]:     Done waiting for all views to stop loading
[2.216][FINER]:     Waiting for all views to stop loading...
[2.216][FINER]:     Done waiting for all views to stop loading
[2.216][FINE]:      Command finished (/session/6be070f450b5b0cd1c8f170a00fcce11/elements) with response {
   "sessionId": "6be070f450b5b0cd1c8f170a00fcce11",
   "status": 0,
   "value": [ {
      "ELEMENT": ":wdc:1360885204961"
   } ]
}

[2.218][FINE]:      Command received (/session/6be070f450b5b0cd1c8f170a00fcce11/element/:wdc:1360885204961/click) with params {

}

[2.218][FINER]:     Waiting for all views to stop loading...
[2.218][FINER]:     Done waiting for all views to stop loading
[2.287][FINER]:     Waiting for all views to stop loading...
[2.288][FINER]:     Done waiting for all views to stop loading
[2.288][FINE]:      Command finished (/session/6be070f450b5b0cd1c8f170a00fcce11/element/:wdc:1360885204961/click) with response {
   "sessionId": "6be070f450b5b0cd1c8f170a00fcce11",
   "status": 0,
   "value": {

   }
}

[2.293][FINE]:      Command received (/session/6be070f450b5b0cd1c8f170a00fcce11/elements) with params {
   "using": "xpath",
   "value": ".//*[@id = 'solution']"
}

[2.293][FINER]:     Waiting for all views to stop loading...
[2.294][FINER]:     Done waiting for all views to stop loading
[2.313][FINER]:     Waiting for all views to stop loading...
[2.314][FINER]:     Done waiting for all views to stop loading
[2.314][FINE]:      Command finished (/session/6be070f450b5b0cd1c8f170a00fcce11/elements) with response {
   "sessionId": "6be070f450b5b0cd1c8f170a00fcce11",
   "status": 0,
   "value": [ {
      "ELEMENT": ":wdc:1360885204962"
   } ]
}

[2.323][FINE]:      Command received (/session/6be070f450b5b0cd1c8f170a00fcce11/element/:wdc:1360885204962/text)
[2.323][FINER]:     Waiting for all views to stop loading...
[2.333][FINER]:     Done waiting for all views to stop loading
[2.392][FINER]:     Waiting for all views to stop loading...
[2.392][FINER]:     Done waiting for all views to stop loading
[2.392][FINE]:      Command finished (/session/6be070f450b5b0cd1c8f170a00fcce11/element/:wdc:1360885204962/text) with response {
   "sessionId": "6be070f450b5b0cd1c8f170a00fcce11",
   "status": 0,
   "value": ""
}

[2.444][FINE]:      Command received (/session/6be070f450b5b0cd1c8f170a00fcce11/elements) with params {
   "using": "xpath",
   "value": ".//*[@id = 'solution']"
}

[2.444][FINER]:     Waiting for all views to stop loading...
[2.466][FINER]:     Done waiting for all views to stop loading
[2.500][FINER]:     Waiting for all views to stop loading...
[2.516][FINER]:     Done waiting for all views to stop loading
[2.517][FINE]:      Command finished (/session/6be070f450b5b0cd1c8f170a00fcce11/elements) with response {
   "sessionId": "6be070f450b5b0cd1c8f170a00fcce11",
   "status": 0,
   "value": [ {
      "ELEMENT": ":wdc:1360885204962"
   } ]
}

[2.518][FINE]:      Command received (/session/6be070f450b5b0cd1c8f170a00fcce11/element/:wdc:1360885204962/text)
[2.518][FINER]:     Waiting for all views to stop loading...
[2.519][FINER]:     Done waiting for all views to stop loading
[2.529][FINER]:     Waiting for all views to stop loading...
[2.529][FINER]:     Done waiting for all views to stop loading
[2.529][FINE]:      Command finished (/session/6be070f450b5b0cd1c8f170a00fcce11/element/:wdc:1360885204962/text) with response {
   "sessionId": "6be070f450b5b0cd1c8f170a00fcce11",
   "status": 0,
   "value": ""
}

[2.582][FINE]:      Command received (/session/6be070f450b5b0cd1c8f170a00fcce11/elements) with params {
   "using": "xpath",
   "value": ".//*[@id = 'solution']"
}

[2.582][FINER]:     Waiting for all views to stop loading...
[3.120][FINER]:     Done waiting for all views to stop loading
[3.126][FINER]:     Waiting for all views to stop loading...
[3.127][FINER]:     Done waiting for all views to stop loading
[3.127][FINE]:      Command finished (/session/6be070f450b5b0cd1c8f170a00fcce11/elements) with response {
   "sessionId": "6be070f450b5b0cd1c8f170a00fcce11",
   "status": 0,
   "value": [ {
      "ELEMENT": ":wdc:1360885204962"
   } ]
}

[3.128][FINE]:      Command received (/session/6be070f450b5b0cd1c8f170a00fcce11/element/:wdc:1360885204962/text)
[3.128][FINER]:     Waiting for all views to stop loading...
[3.128][FINER]:     Done waiting for all views to stop loading
[3.269][FINER]:     Waiting for all views to stop loading...
[3.343][FINER]:     Done waiting for all views to stop loading
[3.344][FINE]:      Command finished (/session/6be070f450b5b0cd1c8f170a00fcce11/element/:wdc:1360885204962/text) with response {
   "sessionId": "6be070f450b5b0cd1c8f170a00fcce11",
   "status": 0,
   "value": ""
}

[3.401][FINE]:      Command received (/session/6be070f450b5b0cd1c8f170a00fcce11/elements) with params {
   "using": "xpath",
   "value": ".//*[@id = 'solution']"
}

[3.401][FINER]:     Waiting for all views to stop loading...
[3.402][FINER]:     Done waiting for all views to stop loading
[3.406][FINER]:     Waiting for all views to stop loading...
[3.406][FINER]:     Done waiting for all views to stop loading
[3.406][FINE]:      Command finished (/session/6be070f450b5b0cd1c8f170a00fcce11/elements) with response {
   "sessionId": "6be070f450b5b0cd1c8f170a00fcce11",
   "status": 0,
   "value": [ {
      "ELEMENT": ":wdc:1360885204962"
   } ]
}

[3.407][FINE]:      Command received (/session/6be070f450b5b0cd1c8f170a00fcce11/element/:wdc:1360885204962/text)
[3.407][FINER]:     Waiting for all views to stop loading...
[3.408][FINER]:     Done waiting for all views to stop loading
[3.415][FINER]:     Waiting for all views to stop loading...
[3.416][FINER]:     Done waiting for all views to stop loading
[3.416][FINE]:      Command finished (/session/6be070f450b5b0cd1c8f170a00fcce11/element/:wdc:1360885204962/text) with response {
   "sessionId": "6be070f450b5b0cd1c8f170a00fcce11",
   "status": 0,
   "value": "V + V is X"
}

[3.418][FINE]:      Command received (/session/6be070f450b5b0cd1c8f170a00fcce11/cookie)
[3.418][FINER]:     Waiting for all views to stop loading...
[3.418][FINER]:     Done waiting for all views to stop loading
[3.422][FINER]:     Waiting for all views to stop loading...
[3.422][FINER]:     Done waiting for all views to stop loading
[3.422][FINE]:      Command finished (/session/6be070f450b5b0cd1c8f170a00fcce11/cookie) with response {
   "sessionId": "6be070f450b5b0cd1c8f170a00fcce11",
   "status": 0,
   "value": {

   }
}

[3.423][FINE]:      Command received (/session/6be070f450b5b0cd1c8f170a00fcce11/url) with params {
   "url": "about:blank"
}

[3.423][FINER]:     Waiting for all views to stop loading...
[3.424][FINER]:     Done waiting for all views to stop loading
[3.649][FINER]:     Waiting for all views to stop loading...
[3.650][FINER]:     Done waiting for all views to stop loading
[3.650][FINE]:      Command finished (/session/6be070f450b5b0cd1c8f170a00fcce11/url) with response {
   "sessionId": "6be070f450b5b0cd1c8f170a00fcce11",
   "status": 0,
   "value": {

   }
}

[3.654][FINE]:      Command received (/session/6be070f450b5b0cd1c8f170a00fcce11/url) with params {
   "url": "http://127.0.0.1:50155/"
}

[3.654][FINER]:     Waiting for all views to stop loading...
[3.655][FINER]:     Done waiting for all views to stop loading
[4.208][FINER]:     Waiting for all views to stop loading...
[4.209][FINER]:     Done waiting for all views to stop loading
[4.209][FINE]:      Command finished (/session/6be070f450b5b0cd1c8f170a00fcce11/url) with response {
   "sessionId": "6be070f450b5b0cd1c8f170a00fcce11",
   "status": 0,
   "value": {

   }
}

[4.211][FINE]:      Command received (/session/6be070f450b5b0cd1c8f170a00fcce11/elements) with params {
   "using": "xpath",
   "value": ".//*[self::input | self::textarea][not(./@type = 'submit' or ./@type = 'image' or ./@type = 'radi..."
}

[4.212][FINER]:     Waiting for all views to stop loading...
[4.214][FINER]:     Done waiting for all views to stop loading
[4.284][FINER]:     Waiting for all views to stop loading...
[4.284][FINER]:     Done waiting for all views to stop loading
[4.284][FINE]:      Command finished (/session/6be070f450b5b0cd1c8f170a00fcce11/elements) with response {
   "sessionId": "6be070f450b5b0cd1c8f170a00fcce11",
   "status": 0,
   "value": [ {
      "ELEMENT": ":wdc:1360885207464"
   } ]
}

[4.285][FINE]:      Command received (/session/6be070f450b5b0cd1c8f170a00fcce11/element/:wdc:1360885207464/name)
[4.285][FINER]:     Waiting for all views to stop loading...
[4.285][FINER]:     Done waiting for all views to stop loading
[4.290][FINER]:     Waiting for all views to stop loading...
[4.291][FINER]:     Done waiting for all views to stop loading
[4.291][FINE]:      Command finished (/session/6be070f450b5b0cd1c8f170a00fcce11/element/:wdc:1360885207464/name) with response {
   "sessionId": "6be070f450b5b0cd1c8f170a00fcce11",
   "status": 0,
   "value": "input"
}

[4.292][FINE]:      Command received (/session/6be070f450b5b0cd1c8f170a00fcce11/element/:wdc:1360885207464/attribute/type)
[4.292][FINER]:     Waiting for all views to stop loading...
[4.292][FINER]:     Done waiting for all views to stop loading
[4.315][FINER]:     Waiting for all views to stop loading...
[4.316][FINER]:     Done waiting for all views to stop loading
[4.316][FINE]:      Command finished (/session/6be070f450b5b0cd1c8f170a00fcce11/element/:wdc:1360885207464/attribute/type) with response {
   "sessionId": "6be070f450b5b0cd1c8f170a00fcce11",
   "status": 0,
   "value": "text"
}

[4.317][FINE]:      Command received (/session/6be070f450b5b0cd1c8f170a00fcce11/execute) with params {
   "args": [ {
      "ELEMENT": ":wdc:1360885207464"
   } ],
   "script": "arguments[0].value = ''"
}

[4.317][FINER]:     Waiting for all views to stop loading...
[4.317][FINER]:     Done waiting for all views to stop loading
[4.321][FINER]:     Waiting for all views to stop loading...
[4.322][FINER]:     Done waiting for all views to stop loading
[4.322][FINE]:      Command finished (/session/6be070f450b5b0cd1c8f170a00fcce11/execute) with response {
   "sessionId": "6be070f450b5b0cd1c8f170a00fcce11",
   "status": 0,
   "value": null
}

[4.323][FINE]:      Command received (/session/6be070f450b5b0cd1c8f170a00fcce11/element/:wdc:1360885207464/value) with params {
   "value": [ "X * X" ]
}

[4.323][FINER]:     Waiting for all views to stop loading...
[4.323][FINER]:     Done waiting for all views to stop loading
[4.434][FINER]:     Waiting for all views to stop loading...
[4.434][FINER]:     Done waiting for all views to stop loading
[4.434][FINE]:      Command finished (/session/6be070f450b5b0cd1c8f170a00fcce11/element/:wdc:1360885207464/value) with response {
   "sessionId": "6be070f450b5b0cd1c8f170a00fcce11",
   "status": 0,
   "value": {

   }
}

[4.435][FINE]:      Command received (/session/6be070f450b5b0cd1c8f170a00fcce11/elements) with params {
   "using": "xpath",
   "value": ".//*[@id = 'solve-button']"
}

[4.435][FINER]:     Waiting for all views to stop loading...
[4.436][FINER]:     Done waiting for all views to stop loading
[4.448][FINER]:     Waiting for all views to stop loading...
[4.449][FINER]:     Done waiting for all views to stop loading
[4.449][FINE]:      Command finished (/session/6be070f450b5b0cd1c8f170a00fcce11/elements) with response {
   "sessionId": "6be070f450b5b0cd1c8f170a00fcce11",
   "status": 0,
   "value": [ {
      "ELEMENT": ":wdc:1360885207465"
   } ]
}

[4.450][FINE]:      Command received (/session/6be070f450b5b0cd1c8f170a00fcce11/element/:wdc:1360885207465/click) with params {

}

[4.450][FINER]:     Waiting for all views to stop loading...
[4.450][FINER]:     Done waiting for all views to stop loading
[4.520][FINER]:     Waiting for all views to stop loading...
[4.521][FINER]:     Done waiting for all views to stop loading
[4.521][FINE]:      Command finished (/session/6be070f450b5b0cd1c8f170a00fcce11/element/:wdc:1360885207465/click) with response {
   "sessionId": "6be070f450b5b0cd1c8f170a00fcce11",
   "status": 0,
   "value": {

   }
}

[4.524][FINE]:      Command received (/session/6be070f450b5b0cd1c8f170a00fcce11/elements) with params {
   "using": "xpath",
   "value": ".//*[@id = 'solution']"
}

[4.524][FINER]:     Waiting for all views to stop loading...
[4.524][FINER]:     Done waiting for all views to stop loading
[4.540][FINER]:     Waiting for all views to stop loading...
[4.541][FINER]:     Done waiting for all views to stop loading
[4.541][FINE]:      Command finished (/session/6be070f450b5b0cd1c8f170a00fcce11/elements) with response {
   "sessionId": "6be070f450b5b0cd1c8f170a00fcce11",
   "status": 0,
   "value": [ {
      "ELEMENT": ":wdc:1360885207466"
   } ]
}

[4.542][FINE]:      Command received (/session/6be070f450b5b0cd1c8f170a00fcce11/element/:wdc:1360885207466/text)
[4.542][FINER]:     Waiting for all views to stop loading...
[4.542][FINER]:     Done waiting for all views to stop loading
[4.568][FINER]:     Waiting for all views to stop loading...
[4.568][FINER]:     Done waiting for all views to stop loading
[4.568][FINE]:      Command finished (/session/6be070f450b5b0cd1c8f170a00fcce11/element/:wdc:1360885207466/text) with response {
   "sessionId": "6be070f450b5b0cd1c8f170a00fcce11",
   "status": 0,
   "value": ""
}

[4.620][FINE]:      Command received (/session/6be070f450b5b0cd1c8f170a00fcce11/elements) with params {
   "using": "xpath",
   "value": ".//*[@id = 'solution']"
}

[4.620][FINER]:     Waiting for all views to stop loading...
[4.621][FINER]:     Done waiting for all views to stop loading
[4.626][FINER]:     Waiting for all views to stop loading...
[4.627][FINER]:     Done waiting for all views to stop loading
[4.627][FINE]:      Command finished (/session/6be070f450b5b0cd1c8f170a00fcce11/elements) with response {
   "sessionId": "6be070f450b5b0cd1c8f170a00fcce11",
   "status": 0,
   "value": [ {
      "ELEMENT": ":wdc:1360885207466"
   } ]
}

[4.628][FINE]:      Command received (/session/6be070f450b5b0cd1c8f170a00fcce11/element/:wdc:1360885207466/text)
[4.628][FINER]:     Waiting for all views to stop loading...
[4.628][FINER]:     Done waiting for all views to stop loading
[4.637][FINER]:     Waiting for all views to stop loading...
[4.638][FINER]:     Done waiting for all views to stop loading
[4.638][FINE]:      Command finished (/session/6be070f450b5b0cd1c8f170a00fcce11/element/:wdc:1360885207466/text) with response {
   "sessionId": "6be070f450b5b0cd1c8f170a00fcce11",
   "status": 0,
   "value": ""
}

[4.690][FINE]:      Command received (/session/6be070f450b5b0cd1c8f170a00fcce11/elements) with params {
   "using": "xpath",
   "value": ".//*[@id = 'solution']"
}

[4.690][FINER]:     Waiting for all views to stop loading...
[4.691][FINER]:     Done waiting for all views to stop loading
[4.697][FINER]:     Waiting for all views to stop loading...
[4.697][FINER]:     Done waiting for all views to stop loading
[4.697][FINE]:      Command finished (/session/6be070f450b5b0cd1c8f170a00fcce11/elements) with response {
   "sessionId": "6be070f450b5b0cd1c8f170a00fcce11",
   "status": 0,
   "value": [ {
      "ELEMENT": ":wdc:1360885207466"
   } ]
}

[4.698][FINE]:      Command received (/session/6be070f450b5b0cd1c8f170a00fcce11/element/:wdc:1360885207466/text)
[4.698][FINER]:     Waiting for all views to stop loading...
[4.699][FINER]:     Done waiting for all views to stop loading
[4.707][FINER]:     Waiting for all views to stop loading...
[4.707][FINER]:     Done waiting for all views to stop loading
[4.707][FINE]:      Command finished (/session/6be070f450b5b0cd1c8f170a00fcce11/element/:wdc:1360885207466/text) with response {
   "sessionId": "6be070f450b5b0cd1c8f170a00fcce11",
   "status": 0,
   "value": ""
}

[4.760][FINE]:      Command received (/session/6be070f450b5b0cd1c8f170a00fcce11/elements) with params {
   "using": "xpath",
   "value": ".//*[@id = 'solution']"
}

[4.760][FINER]:     Waiting for all views to stop loading...
[4.760][FINER]:     Done waiting for all views to stop loading
[4.766][FINER]:     Waiting for all views to stop loading...
[4.767][FINER]:     Done waiting for all views to stop loading
[4.767][FINE]:      Command finished (/session/6be070f450b5b0cd1c8f170a00fcce11/elements) with response {
   "sessionId": "6be070f450b5b0cd1c8f170a00fcce11",
   "status": 0,
   "value": [ {
      "ELEMENT": ":wdc:1360885207466"
   } ]
}

[4.768][FINE]:      Command received (/session/6be070f450b5b0cd1c8f170a00fcce11/element/:wdc:1360885207466/text)
[4.768][FINER]:     Waiting for all views to stop loading...
[4.769][FINER]:     Done waiting for all views to stop loading
[4.777][FINER]:     Waiting for all views to stop loading...
[4.777][FINER]:     Done waiting for all views to stop loading
[4.777][FINE]:      Command finished (/session/6be070f450b5b0cd1c8f170a00fcce11/element/:wdc:1360885207466/text) with response {
   "sessionId": "6be070f450b5b0cd1c8f170a00fcce11",
   "status": 0,
   "value": ""
}

[4.830][FINE]:      Command received (/session/6be070f450b5b0cd1c8f170a00fcce11/elements) with params {
   "using": "xpath",
   "value": ".//*[@id = 'solution']"
}

[4.830][FINER]:     Waiting for all views to stop loading...
[4.830][FINER]:     Done waiting for all views to stop loading
[4.836][FINER]:     Waiting for all views to stop loading...
[4.836][FINER]:     Done waiting for all views to stop loading
[4.836][FINE]:      Command finished (/session/6be070f450b5b0cd1c8f170a00fcce11/elements) with response {
   "sessionId": "6be070f450b5b0cd1c8f170a00fcce11",
   "status": 0,
   "value": [ {
      "ELEMENT": ":wdc:1360885207466"
   } ]
}

[4.837][FINE]:      Command received (/session/6be070f450b5b0cd1c8f170a00fcce11/element/:wdc:1360885207466/text)
[4.837][FINER]:     Waiting for all views to stop loading...
[4.838][FINER]:     Done waiting for all views to stop loading
[4.847][FINER]:     Waiting for all views to stop loading...
[4.847][FINER]:     Done waiting for all views to stop loading
[4.847][FINE]:      Command finished (/session/6be070f450b5b0cd1c8f170a00fcce11/element/:wdc:1360885207466/text) with response {
   "sessionId": "6be070f450b5b0cd1c8f170a00fcce11",
   "status": 0,
   "value": ""
}

[4.899][FINE]:      Command received (/session/6be070f450b5b0cd1c8f170a00fcce11/elements) with params {
   "using": "xpath",
   "value": ".//*[@id = 'solution']"
}

[4.899][FINER]:     Waiting for all views to stop loading...
[4.900][FINER]:     Done waiting for all views to stop loading
[4.906][FINER]:     Waiting for all views to stop loading...
[4.906][FINER]:     Done waiting for all views to stop loading
[4.906][FINE]:      Command finished (/session/6be070f450b5b0cd1c8f170a00fcce11/elements) with response {
   "sessionId": "6be070f450b5b0cd1c8f170a00fcce11",
   "status": 0,
   "value": [ {
      "ELEMENT": ":wdc:1360885207466"
   } ]
}

[4.908][FINE]:      Command received (/session/6be070f450b5b0cd1c8f170a00fcce11/element/:wdc:1360885207466/text)
[4.908][FINER]:     Waiting for all views to stop loading...
[4.908][FINER]:     Done waiting for all views to stop loading
[4.917][FINER]:     Waiting for all views to stop loading...
[4.918][FINER]:     Done waiting for all views to stop loading
[4.918][FINE]:      Command finished (/session/6be070f450b5b0cd1c8f170a00fcce11/element/:wdc:1360885207466/text) with response {
   "sessionId": "6be070f450b5b0cd1c8f170a00fcce11",
   "status": 0,
   "value": ""
}

[4.970][FINE]:      Command received (/session/6be070f450b5b0cd1c8f170a00fcce11/elements) with params {
   "using": "xpath",
   "value": ".//*[@id = 'solution']"
}

[4.970][FINER]:     Waiting for all views to stop loading...
[4.971][FINER]:     Done waiting for all views to stop loading
[4.977][FINER]:     Waiting for all views to stop loading...
[4.977][FINER]:     Done waiting for all views to stop loading
[4.977][FINE]:      Command finished (/session/6be070f450b5b0cd1c8f170a00fcce11/elements) with response {
   "sessionId": "6be070f450b5b0cd1c8f170a00fcce11",
   "status": 0,
   "value": [ {
      "ELEMENT": ":wdc:1360885207466"
   } ]
}

[4.978][FINE]:      Command received (/session/6be070f450b5b0cd1c8f170a00fcce11/element/:wdc:1360885207466/text)
[4.978][FINER]:     Waiting for all views to stop loading...
[4.979][FINER]:     Done waiting for all views to stop loading
[4.987][FINER]:     Waiting for all views to stop loading...
[4.987][FINER]:     Done waiting for all views to stop loading
[4.987][FINE]:      Command finished (/session/6be070f450b5b0cd1c8f170a00fcce11/element/:wdc:1360885207466/text) with response {
   "sessionId": "6be070f450b5b0cd1c8f170a00fcce11",
   "status": 0,
   "value": ""
}

[5.039][FINE]:      Command received (/session/6be070f450b5b0cd1c8f170a00fcce11/elements) with params {
   "using": "xpath",
   "value": ".//*[@id = 'solution']"
}

[5.039][FINER]:     Waiting for all views to stop loading...
[5.040][FINER]:     Done waiting for all views to stop loading
[5.044][FINER]:     Waiting for all views to stop loading...
[5.044][FINER]:     Done waiting for all views to stop loading
[5.045][FINE]:      Command finished (/session/6be070f450b5b0cd1c8f170a00fcce11/elements) with response {
   "sessionId": "6be070f450b5b0cd1c8f170a00fcce11",
   "status": 0,
   "value": [ {
      "ELEMENT": ":wdc:1360885207466"
   } ]
}

[5.046][FINE]:      Command received (/session/6be070f450b5b0cd1c8f170a00fcce11/element/:wdc:1360885207466/text)
[5.046][FINER]:     Waiting for all views to stop loading...
[5.046][FINER]:     Done waiting for all views to stop loading
[5.053][FINER]:     Waiting for all views to stop loading...
[5.054][FINER]:     Done waiting for all views to stop loading
[5.054][FINE]:      Command finished (/session/6be070f450b5b0cd1c8f170a00fcce11/element/:wdc:1360885207466/text) with response {
   "sessionId": "6be070f450b5b0cd1c8f170a00fcce11",
   "status": 0,
   "value": ""
}

[5.106][FINE]:      Command received (/session/6be070f450b5b0cd1c8f170a00fcce11/elements) with params {
   "using": "xpath",
   "value": ".//*[@id = 'solution']"
}

[5.106][FINER]:     Waiting for all views to stop loading...
[5.106][FINER]:     Done waiting for all views to stop loading
[5.112][FINER]:     Waiting for all views to stop loading...
[5.112][FINER]:     Done waiting for all views to stop loading
[5.112][FINE]:      Command finished (/session/6be070f450b5b0cd1c8f170a00fcce11/elements) with response {
   "sessionId": "6be070f450b5b0cd1c8f170a00fcce11",
   "status": 0,
   "value": [ {
      "ELEMENT": ":wdc:1360885207466"
   } ]
}

[5.113][FINE]:      Command received (/session/6be070f450b5b0cd1c8f170a00fcce11/element/:wdc:1360885207466/text)
[5.113][FINER]:     Waiting for all views to stop loading...
[5.114][FINER]:     Done waiting for all views to stop loading
[5.124][FINER]:     Waiting for all views to stop loading...
[5.125][FINER]:     Done waiting for all views to stop loading
[5.125][FINE]:      Command finished (/session/6be070f450b5b0cd1c8f170a00fcce11/element/:wdc:1360885207466/text) with response {
   "sessionId": "6be070f450b5b0cd1c8f170a00fcce11",
   "status": 0,
   "value": ""
}

[5.177][FINE]:      Command received (/session/6be070f450b5b0cd1c8f170a00fcce11/elements) with params {
   "using": "xpath",
   "value": ".//*[@id = 'solution']"
}

[5.177][FINER]:     Waiting for all views to stop loading...
[5.178][FINER]:     Done waiting for all views to stop loading
[5.184][FINER]:     Waiting for all views to stop loading...
[5.184][FINER]:     Done waiting for all views to stop loading
[5.184][FINE]:      Command finished (/session/6be070f450b5b0cd1c8f170a00fcce11/elements) with response {
   "sessionId": "6be070f450b5b0cd1c8f170a00fcce11",
   "status": 0,
   "value": [ {
      "ELEMENT": ":wdc:1360885207466"
   } ]
}

[5.185][FINE]:      Command received (/session/6be070f450b5b0cd1c8f170a00fcce11/element/:wdc:1360885207466/text)
[5.185][FINER]:     Waiting for all views to stop loading...
[5.186][FINER]:     Done waiting for all views to stop loading
[5.194][FINER]:     Waiting for all views to stop loading...
[5.194][FINER]:     Done waiting for all views to stop loading
[5.194][FINE]:      Command finished (/session/6be070f450b5b0cd1c8f170a00fcce11/element/:wdc:1360885207466/text) with response {
   "sessionId": "6be070f450b5b0cd1c8f170a00fcce11",
   "status": 0,
   "value": ""
}

[5.247][FINE]:      Command received (/session/6be070f450b5b0cd1c8f170a00fcce11/elements) with params {
   "using": "xpath",
   "value": ".//*[@id = 'solution']"
}

[5.247][FINER]:     Waiting for all views to stop loading...
[5.247][FINER]:     Done waiting for all views to stop loading
[5.253][FINER]:     Waiting for all views to stop loading...
[5.254][FINER]:     Done waiting for all views to stop loading
[5.254][FINE]:      Command finished (/session/6be070f450b5b0cd1c8f170a00fcce11/elements) with response {
   "sessionId": "6be070f450b5b0cd1c8f170a00fcce11",
   "status": 0,
   "value": [ {
      "ELEMENT": ":wdc:1360885207466"
   } ]
}

[5.255][FINE]:      Command received (/session/6be070f450b5b0cd1c8f170a00fcce11/element/:wdc:1360885207466/text)
[5.255][FINER]:     Waiting for all views to stop loading...
[5.255][FINER]:     Done waiting for all views to stop loading
[5.264][FINER]:     Waiting for all views to stop loading...
[5.264][FINER]:     Done waiting for all views to stop loading
[5.264][FINE]:      Command finished (/session/6be070f450b5b0cd1c8f170a00fcce11/element/:wdc:1360885207466/text) with response {
   "sessionId": "6be070f450b5b0cd1c8f170a00fcce11",
   "status": 0,
   "value": ""
}

[5.317][FINE]:      Command received (/session/6be070f450b5b0cd1c8f170a00fcce11/elements) with params {
   "using": "xpath",
   "value": ".//*[@id = 'solution']"
}

[5.317][FINER]:     Waiting for all views to stop loading...
[5.317][FINER]:     Done waiting for all views to stop loading
[5.323][FINER]:     Waiting for all views to stop loading...
[5.323][FINER]:     Done waiting for all views to stop loading
[5.323][FINE]:      Command finished (/session/6be070f450b5b0cd1c8f170a00fcce11/elements) with response {
   "sessionId": "6be070f450b5b0cd1c8f170a00fcce11",
   "status": 0,
   "value": [ {
      "ELEMENT": ":wdc:1360885207466"
   } ]
}

[5.324][FINE]:      Command received (/session/6be070f450b5b0cd1c8f170a00fcce11/element/:wdc:1360885207466/text)
[5.324][FINER]:     Waiting for all views to stop loading...
[5.325][FINER]:     Done waiting for all views to stop loading
[5.334][FINER]:     Waiting for all views to stop loading...
[5.335][FINER]:     Done waiting for all views to stop loading
[5.335][FINE]:      Command finished (/session/6be070f450b5b0cd1c8f170a00fcce11/element/:wdc:1360885207466/text) with response {
   "sessionId": "6be070f450b5b0cd1c8f170a00fcce11",
   "status": 0,
   "value": ""
}

[5.387][FINE]:      Command received (/session/6be070f450b5b0cd1c8f170a00fcce11/elements) with params {
   "using": "xpath",
   "value": ".//*[@id = 'solution']"
}

[5.387][FINER]:     Waiting for all views to stop loading...
[5.387][FINER]:     Done waiting for all views to stop loading
[5.393][FINER]:     Waiting for all views to stop loading...
[5.393][FINER]:     Done waiting for all views to stop loading
[5.393][FINE]:      Command finished (/session/6be070f450b5b0cd1c8f170a00fcce11/elements) with response {
   "sessionId": "6be070f450b5b0cd1c8f170a00fcce11",
   "status": 0,
   "value": [ {
      "ELEMENT": ":wdc:1360885207466"
   } ]
}

[5.394][FINE]:      Command received (/session/6be070f450b5b0cd1c8f170a00fcce11/element/:wdc:1360885207466/text)
[5.394][FINER]:     Waiting for all views to stop loading...
[5.395][FINER]:     Done waiting for all views to stop loading
[5.403][FINER]:     Waiting for all views to stop loading...
[5.403][FINER]:     Done waiting for all views to stop loading
[5.403][FINE]:      Command finished (/session/6be070f450b5b0cd1c8f170a00fcce11/element/:wdc:1360885207466/text) with response {
   "sessionId": "6be070f450b5b0cd1c8f170a00fcce11",
   "status": 0,
   "value": ""
}

[5.455][FINE]:      Command received (/session/6be070f450b5b0cd1c8f170a00fcce11/elements) with params {
   "using": "xpath",
   "value": ".//*[@id = 'solution']"
}

[5.455][FINER]:     Waiting for all views to stop loading...
[5.456][FINER]:     Done waiting for all views to stop loading
[5.462][FINER]:     Waiting for all views to stop loading...
[5.462][FINER]:     Done waiting for all views to stop loading
[5.462][FINE]:      Command finished (/session/6be070f450b5b0cd1c8f170a00fcce11/elements) with response {
   "sessionId": "6be070f450b5b0cd1c8f170a00fcce11",
   "status": 0,
   "value": [ {
      "ELEMENT": ":wdc:1360885207466"
   } ]
}

[5.464][FINE]:      Command received (/session/6be070f450b5b0cd1c8f170a00fcce11/element/:wdc:1360885207466/text)
[5.464][FINER]:     Waiting for all views to stop loading...
[5.464][FINER]:     Done waiting for all views to stop loading
[5.472][FINER]:     Waiting for all views to stop loading...
[5.472][FINER]:     Done waiting for all views to stop loading
[5.473][FINE]:      Command finished (/session/6be070f450b5b0cd1c8f170a00fcce11/element/:wdc:1360885207466/text) with response {
   "sessionId": "6be070f450b5b0cd1c8f170a00fcce11",
   "status": 0,
   "value": ""
}

[5.531][FINE]:      Command received (/session/6be070f450b5b0cd1c8f170a00fcce11/elements) with params {
   "using": "xpath",
   "value": ".//*[@id = 'solution']"
}

[5.531][FINER]:     Waiting for all views to stop loading...
[5.532][FINER]:     Done waiting for all views to stop loading
[5.542][FINER]:     Waiting for all views to stop loading...
[5.542][FINER]:     Done waiting for all views to stop loading
[5.542][FINE]:      Command finished (/session/6be070f450b5b0cd1c8f170a00fcce11/elements) with response {
   "sessionId": "6be070f450b5b0cd1c8f170a00fcce11",
   "status": 0,
   "value": [ {
      "ELEMENT": ":wdc:1360885207466"
   } ]
}

[5.543][FINE]:      Command received (/session/6be070f450b5b0cd1c8f170a00fcce11/element/:wdc:1360885207466/text)
[5.543][FINER]:     Waiting for all views to stop loading...
[5.544][FINER]:     Done waiting for all views to stop loading
[5.551][FINER]:     Waiting for all views to stop loading...
[5.551][FINER]:     Done waiting for all views to stop loading
[5.551][FINE]:      Command finished (/session/6be070f450b5b0cd1c8f170a00fcce11/element/:wdc:1360885207466/text) with response {
   "sessionId": "6be070f450b5b0cd1c8f170a00fcce11",
   "status": 0,
   "value": "X * X is C"
}

[5.553][FINE]:      Command received (/session/6be070f450b5b0cd1c8f170a00fcce11/cookie)
[5.553][FINER]:     Waiting for all views to stop loading...
[5.553][FINER]:     Done waiting for all views to stop loading
[5.558][FINER]:     Waiting for all views to stop loading...
[5.558][FINER]:     Done waiting for all views to stop loading
[5.558][FINE]:      Command finished (/session/6be070f450b5b0cd1c8f170a00fcce11/cookie) with response {
   "sessionId": "6be070f450b5b0cd1c8f170a00fcce11",
   "status": 0,
   "value": {

   }
}

[5.559][FINE]:      Command received (/session/6be070f450b5b0cd1c8f170a00fcce11/url) with params {
   "url": "about:blank"
}

[5.559][FINER]:     Waiting for all views to stop loading...
[5.559][FINER]:     Done waiting for all views to stop loading
[5.770][FINER]:     Waiting for all views to stop loading...
[5.771][FINER]:     Done waiting for all views to stop loading
[5.771][FINE]:      Command finished (/session/6be070f450b5b0cd1c8f170a00fcce11/url) with response {
   "sessionId": "6be070f450b5b0cd1c8f170a00fcce11",
   "status": 0,
   "value": {

   }
}

[5.828][FINE]:      Command received (/session/6be070f450b5b0cd1c8f170a00fcce11)
[5.921][INFO]:      Chrome shutdown
